DEBUG:root:debug
INFO:root:info
WARNING:root:warning
ERROR:root:error
CRITICAL:root:critical
INFO:root:info
WARNING:root:warning
ERROR:root:error
CRITICAL:root:critical
2024-01-23 11:44:33,286 - INFO : info
2024-01-23 11:44:33,286 - WARNING : warning
2024-01-23 11:44:33,286 - ERROR : error
2024-01-23 11:44:33,286 - CRITICAL : critical
2024-01-29 10:58:31,642 - INFO : info
2024-01-29 10:58:31,643 - WARNING : warning
2024-01-29 10:58:31,643 - ERROR : error
2024-01-29 10:58:31,643 - CRITICAL : critical
2024-01-29 11:19:30,326 - INFO : info
2024-01-29 11:19:30,327 - WARNING : warning
2024-01-29 11:19:30,327 - ERROR : error
2024-01-29 11:19:30,328 - CRITICAL : critical
